Connecting to database specified by database.yml


Started GET "/assets/rails.png" for 127.0.0.1 at 2012-09-14 23:16:02 +0200
Connecting to database specified by database.yml
Served asset /rails.png - 200 OK (12ms)


Started GET "/static_pages/" for 127.0.0.1 at 2012-09-14 23:16:10 +0200

ActionController::RoutingError (No route matches [GET] "/static_pages"):
  actionpack (3.2.8) lib/action_dispatch/middleware/debug_exceptions.rb:21:in `call'
  actionpack (3.2.8) lib/action_dispatch/middleware/show_exceptions.rb:56:in `call'
  railties (3.2.8) lib/rails/rack/logger.rb:26:in `call_app'
  railties (3.2.8) lib/rails/rack/logger.rb:16:in `call'
  actionpack (3.2.8) lib/action_dispatch/middleware/request_id.rb:22:in `call'
  rack (1.4.1) lib/rack/methodoverride.rb:21:in `call'
  rack (1.4.1) lib/rack/runtime.rb:17:in `call'
  activesupport (3.2.8) lib/active_support/cache/strategy/local_cache.rb:72:in `call'
  rack (1.4.1) lib/rack/lock.rb:15:in `call'
  actionpack (3.2.8) lib/action_dispatch/middleware/static.rb:62:in `call'
  railties (3.2.8) lib/rails/engine.rb:479:in `call'
  railties (3.2.8) lib/rails/application.rb:223:in `call'
  rack (1.4.1) lib/rack/content_length.rb:14:in `call'
  railties (3.2.8) lib/rails/rack/log_tailer.rb:17:in `call'
  rack (1.4.1) lib/rack/handler/webrick.rb:59:in `service'
  /home/serge/.rvm/rubies/ruby-1.9.3-p0/lib/ruby/1.9.1/webrick/httpserver.rb:138:in `service'
  /home/serge/.rvm/rubies/ruby-1.9.3-p0/lib/ruby/1.9.1/webrick/httpserver.rb:94:in `run'
  /home/serge/.rvm/rubies/ruby-1.9.3-p0/lib/ruby/1.9.1/webrick/server.rb:191:in `block in start_thread'


  Rendered /home/serge/.rvm/gems/ruby-1.9.3-p0/gems/actionpack-3.2.8/lib/action_dispatch/middleware/templates/rescues/routing_error.erb within rescues/layout (46.3ms)


Started GET "/static_pages/home" for 127.0.0.1 at 2012-09-14 23:16:16 +0200
Processing by StaticPagesController#home as HTML
  Rendered static_pages/home.html.erb within layouts/application (0.5ms)
Compiled static_pages.css  (57ms)  (pid 3544)
Compiled application.css  (80ms)  (pid 3544)
Compiled jquery.js  (15ms)  (pid 3544)
Compiled jquery_ujs.js  (0ms)  (pid 3544)
Compiled static_pages.js  (879ms)  (pid 3544)
Compiled application.js  (1095ms)  (pid 3544)
Completed 200 OK in 1373ms (Views: 1372.5ms | ActiveRecord: 0.0ms)


Started GET "/assets/application.css?body=1" for 127.0.0.1 at 2012-09-14 23:16:18 +0200
Served asset /application.css - 200 OK (36ms)


Started GET "/assets/jquery.js?body=1" for 127.0.0.1 at 2012-09-14 23:16:18 +0200
Served asset /jquery.js - 200 OK (15ms)


Started GET "/assets/static_pages.js?body=1" for 127.0.0.1 at 2012-09-14 23:16:18 +0200
Served asset /static_pages.js - 200 OK (16ms)


Started GET "/assets/jquery_ujs.js?body=1" for 127.0.0.1 at 2012-09-14 23:16:18 +0200
Served asset /jquery_ujs.js - 200 OK (7ms)


Started GET "/assets/application.js?body=1" for 127.0.0.1 at 2012-09-14 23:16:18 +0200
Served asset /application.js - 200 OK (9ms)


Started GET "/assets/static_pages.css?body=1" for 127.0.0.1 at 2012-09-14 23:16:18 +0200
Served asset /static_pages.css - 200 OK (2ms)
Connecting to database specified by database.yml
Connecting to database specified by database.yml
Connecting to database specified by database.yml
Connecting to database specified by database.yml
Connecting to database specified by database.yml
Connecting to database specified by database.yml
Connecting to database specified by database.yml
  [1m[36m (0.2ms)[0m  [1mselect sqlite_version(*)[0m
  [1m[35m (152.8ms)[0m  CREATE TABLE "schema_migrations" ("version" varchar(255) NOT NULL) 
  [1m[36m (0.1ms)[0m  [1mPRAGMA index_list("schema_migrations")[0m
  [1m[35m (92.5ms)[0m  CREATE UNIQUE INDEX "unique_schema_migrations" ON "schema_migrations" ("version")
  [1m[36m (0.2ms)[0m  [1mSELECT "schema_migrations"."version" FROM "schema_migrations" [0m
Migrating to CreateAdmins (20120918153919)
  [1m[35m (0.1ms)[0m  begin transaction
  [1m[36m (1.4ms)[0m  [1mCREATE TABLE "admins" ("id" INTEGER PRIMARY KEY AUTOINCREMENT NOT NULL, "firstname" varchar(255), "lastname" varchar(255), "email" varchar(255), "password_digest" varchar(255), "remember_token" varchar(255), "created_at" datetime NOT NULL, "updated_at" datetime NOT NULL) [0m
  [1m[35m (0.2ms)[0m  INSERT INTO "schema_migrations" ("version") VALUES ('20120918153919')
  [1m[36m (153.7ms)[0m  [1mcommit transaction[0m
Migrating to CreateClients (20120918154117)
  [1m[35m (0.1ms)[0m  begin transaction
  [1m[36m (0.1ms)[0m  [1mrollback transaction[0m
Connecting to database specified by database.yml
  [1m[36m (0.1ms)[0m  [1mSELECT "schema_migrations"."version" FROM "schema_migrations" [0m
Migrating to CreateAdmins (20120918153919)
Migrating to CreateClients (20120918154117)
  [1m[35m (0.1ms)[0m  select sqlite_version(*)
  [1m[36m (0.1ms)[0m  [1mbegin transaction[0m
  [1m[35m (1.0ms)[0m  CREATE TABLE "clients" ("id" INTEGER PRIMARY KEY AUTOINCREMENT NOT NULL, "ref_nbr" varchar(255), "firstname" varchar(255), "lastname" varchar(255), "phone" varchar(255), "street" varchar(255), "house" varchar(255), "box" varchar(255), "zipcode" varchar(255), "city" varchar(255), "country" varchar(255), "created_at" datetime NOT NULL, "updated_at" datetime NOT NULL) 
  [1m[36m (0.2ms)[0m  [1mINSERT INTO "schema_migrations" ("version") VALUES ('20120918154117')[0m
  [1m[35m (163.1ms)[0m  commit transaction
  [1m[36m (0.8ms)[0m  [1mselect sqlite_version(*)[0m
  [1m[35m (0.2ms)[0m  SELECT "schema_migrations"."version" FROM "schema_migrations" 
  [1m[36m (0.0ms)[0m  [1mPRAGMA index_list("admins")[0m
  [1m[35m (0.0ms)[0m  PRAGMA index_list("clients")
Connecting to database specified by database.yml
  [1m[36m (0.1ms)[0m  [1mSELECT "schema_migrations"."version" FROM "schema_migrations" [0m
  [1m[35m (0.7ms)[0m  select sqlite_version(*)
  [1m[36m (153.7ms)[0m  [1mCREATE TABLE "admins" ("id" INTEGER PRIMARY KEY AUTOINCREMENT NOT NULL, "firstname" varchar(255), "lastname" varchar(255), "email" varchar(255), "password_digest" varchar(255), "remember_token" varchar(255), "created_at" datetime NOT NULL, "updated_at" datetime NOT NULL) [0m
  [1m[35m (100.8ms)[0m  CREATE TABLE "clients" ("id" INTEGER PRIMARY KEY AUTOINCREMENT NOT NULL, "ref_nbr" varchar(255), "firstname" varchar(255), "lastname" varchar(255), "phone" varchar(255), "street" varchar(255), "house" varchar(255), "box" varchar(255), "zipcode" varchar(255), "city" varchar(255), "country" varchar(255), "created_at" datetime NOT NULL, "updated_at" datetime NOT NULL) 
  [1m[36m (129.9ms)[0m  [1mCREATE TABLE "schema_migrations" ("version" varchar(255) NOT NULL) [0m
  [1m[35m (0.1ms)[0m  PRAGMA index_list("schema_migrations")
  [1m[36m (123.5ms)[0m  [1mCREATE UNIQUE INDEX "unique_schema_migrations" ON "schema_migrations" ("version")[0m
  [1m[35m (0.2ms)[0m  SELECT version FROM "schema_migrations"
  [1m[36m (109.3ms)[0m  [1mINSERT INTO "schema_migrations" (version) VALUES ('20120918154117')[0m
  [1m[35m (110.6ms)[0m  INSERT INTO "schema_migrations" (version) VALUES ('20120918153919')
Connecting to database specified by database.yml
Connecting to database specified by database.yml
  [1m[36m (0.1ms)[0m  [1mSELECT "schema_migrations"."version" FROM "schema_migrations" [0m
Migrating to CreateAdmins (20120918153919)
Migrating to CreateClients (20120918154117)
Migrating to AddIndexToAdminsEmail (20120918201638)
  [1m[35m (11.7ms)[0m  select sqlite_version(*)
  [1m[36m (0.1ms)[0m  [1mbegin transaction[0m
  [1m[35m (4.6ms)[0m  INSERT INTO "schema_migrations" ("version") VALUES ('20120918201638')
  [1m[36m (119.3ms)[0m  [1mcommit transaction[0m
  [1m[35m (0.4ms)[0m  select sqlite_version(*)
  [1m[36m (0.2ms)[0m  [1mSELECT "schema_migrations"."version" FROM "schema_migrations" [0m
  [1m[35m (0.1ms)[0m  PRAGMA index_list("admins")
  [1m[36m (0.1ms)[0m  [1mPRAGMA index_list("clients")[0m
Connecting to database specified by database.yml
  [1m[36m (0.1ms)[0m  [1mSELECT "schema_migrations"."version" FROM "schema_migrations" [0m
  [1m[35m (0.4ms)[0m  select sqlite_version(*)
  [1m[36m (155.4ms)[0m  [1mCREATE TABLE "admins" ("id" INTEGER PRIMARY KEY AUTOINCREMENT NOT NULL, "firstname" varchar(255), "lastname" varchar(255), "email" varchar(255), "password_digest" varchar(255), "remember_token" varchar(255), "created_at" datetime NOT NULL, "updated_at" datetime NOT NULL) [0m
  [1m[35m (107.1ms)[0m  CREATE TABLE "clients" ("id" INTEGER PRIMARY KEY AUTOINCREMENT NOT NULL, "ref_nbr" varchar(255), "firstname" varchar(255), "lastname" varchar(255), "phone" varchar(255), "street" varchar(255), "house" varchar(255), "box" varchar(255), "zipcode" varchar(255), "city" varchar(255), "country" varchar(255), "created_at" datetime NOT NULL, "updated_at" datetime NOT NULL) 
  [1m[36m (124.4ms)[0m  [1mCREATE TABLE "schema_migrations" ("version" varchar(255) NOT NULL) [0m
  [1m[35m (0.1ms)[0m  PRAGMA index_list("schema_migrations")
  [1m[36m (94.9ms)[0m  [1mCREATE UNIQUE INDEX "unique_schema_migrations" ON "schema_migrations" ("version")[0m
  [1m[35m (0.2ms)[0m  SELECT version FROM "schema_migrations"
  [1m[36m (86.7ms)[0m  [1mINSERT INTO "schema_migrations" (version) VALUES ('20120918201638')[0m
  [1m[35m (87.8ms)[0m  INSERT INTO "schema_migrations" (version) VALUES ('20120918154117')
  [1m[36m (99.5ms)[0m  [1mINSERT INTO "schema_migrations" (version) VALUES ('20120918153919')[0m
Connecting to database specified by database.yml
  [1m[36m (0.1ms)[0m  [1mSELECT "schema_migrations"."version" FROM "schema_migrations" [0m
  [1m[35m (0.1ms)[0m  SELECT "schema_migrations"."version" FROM "schema_migrations" 
Migrating to AddIndexToAdminsEmail (20120918201638)
  [1m[36m (0.1ms)[0m  [1mselect sqlite_version(*)[0m
  [1m[35m (0.1ms)[0m  begin transaction
  [1m[36m (1.3ms)[0m  [1mDELETE FROM "schema_migrations" WHERE "schema_migrations"."version" = '20120918201638'[0m
  [1m[35m (143.0ms)[0m  commit transaction
  [1m[36m (0.4ms)[0m  [1mselect sqlite_version(*)[0m
  [1m[35m (0.1ms)[0m  SELECT "schema_migrations"."version" FROM "schema_migrations" 
  [1m[36m (0.0ms)[0m  [1mPRAGMA index_list("admins")[0m
  [1m[35m (0.0ms)[0m  PRAGMA index_list("clients")
Connecting to database specified by database.yml
  [1m[36m (0.1ms)[0m  [1mSELECT "schema_migrations"."version" FROM "schema_migrations" [0m
Migrating to CreateAdmins (20120918153919)
Migrating to CreateClients (20120918154117)
Migrating to AddIndexToAdminsEmail (20120918201638)
  [1m[35m (0.1ms)[0m  select sqlite_version(*)
  [1m[36m (0.1ms)[0m  [1mbegin transaction[0m
  [1m[35m (0.1ms)[0m  PRAGMA index_list("admins")
  [1m[36m (1.2ms)[0m  [1mCREATE UNIQUE INDEX "index_admins_on_email" ON "admins" ("email")[0m
  [1m[35m (0.2ms)[0m  INSERT INTO "schema_migrations" ("version") VALUES ('20120918201638')
  [1m[36m (158.1ms)[0m  [1mcommit transaction[0m
  [1m[35m (0.5ms)[0m  select sqlite_version(*)
  [1m[36m (0.1ms)[0m  [1mSELECT "schema_migrations"."version" FROM "schema_migrations" [0m
  [1m[35m (0.1ms)[0m  PRAGMA index_list("admins")
  [1m[36m (0.1ms)[0m  [1mPRAGMA index_info('index_admins_on_email')[0m
  [1m[35m (0.0ms)[0m  PRAGMA index_list("clients")
Connecting to database specified by database.yml
  [1m[36m (0.1ms)[0m  [1mSELECT "schema_migrations"."version" FROM "schema_migrations" [0m
  [1m[35m (0.3ms)[0m  select sqlite_version(*)
  [1m[36m (131.7ms)[0m  [1mCREATE TABLE "admins" ("id" INTEGER PRIMARY KEY AUTOINCREMENT NOT NULL, "firstname" varchar(255), "lastname" varchar(255), "email" varchar(255), "password_digest" varchar(255), "remember_token" varchar(255), "created_at" datetime NOT NULL, "updated_at" datetime NOT NULL) [0m
  [1m[35m (0.1ms)[0m  PRAGMA index_list("admins")
  [1m[36m (121.9ms)[0m  [1mCREATE UNIQUE INDEX "index_admins_on_email" ON "admins" ("email")[0m
  [1m[35m (141.2ms)[0m  CREATE TABLE "clients" ("id" INTEGER PRIMARY KEY AUTOINCREMENT NOT NULL, "ref_nbr" varchar(255), "firstname" varchar(255), "lastname" varchar(255), "phone" varchar(255), "street" varchar(255), "house" varchar(255), "box" varchar(255), "zipcode" varchar(255), "city" varchar(255), "country" varchar(255), "created_at" datetime NOT NULL, "updated_at" datetime NOT NULL) 
  [1m[36m (140.8ms)[0m  [1mCREATE TABLE "schema_migrations" ("version" varchar(255) NOT NULL) [0m
  [1m[35m (0.1ms)[0m  PRAGMA index_list("schema_migrations")
  [1m[36m (117.9ms)[0m  [1mCREATE UNIQUE INDEX "unique_schema_migrations" ON "schema_migrations" ("version")[0m
  [1m[35m (0.2ms)[0m  SELECT version FROM "schema_migrations"
  [1m[36m (101.5ms)[0m  [1mINSERT INTO "schema_migrations" (version) VALUES ('20120918201638')[0m
  [1m[35m (89.4ms)[0m  INSERT INTO "schema_migrations" (version) VALUES ('20120918154117')
  [1m[36m (98.6ms)[0m  [1mINSERT INTO "schema_migrations" (version) VALUES ('20120918153919')[0m
Connecting to database specified by database.yml
  [1m[36m (20.2ms)[0m  [1mbegin transaction[0m
Connecting to database specified by database.yml
  [1m[36m (0.3ms)[0m  [1mSELECT "schema_migrations"."version" FROM "schema_migrations" [0m
  [1m[35m (0.2ms)[0m  SELECT "schema_migrations"."version" FROM "schema_migrations" 
  [1m[36m (0.3ms)[0m  [1mSELECT "schema_migrations"."version" FROM "schema_migrations" [0m
Migrating to AddIndexToAdminsEmail (20120918201638)
  [1m[35m (0.1ms)[0m  select sqlite_version(*)
  [1m[36m (0.1ms)[0m  [1mbegin transaction[0m
  [1m[35m (0.1ms)[0m  PRAGMA index_list("admins")
  [1m[36m (0.1ms)[0m  [1mPRAGMA index_info('index_admins_on_email')[0m
  [1m[35m (23.6ms)[0m  DROP INDEX "index_admins_on_email"
  [1m[36m (0.2ms)[0m  [1mDELETE FROM "schema_migrations" WHERE "schema_migrations"."version" = '20120918201638'[0m
  [1m[35m (157.5ms)[0m  commit transaction
Migrating to CreateClients (20120918154117)
  [1m[36m (0.1ms)[0m  [1mbegin transaction[0m
  [1m[35m (0.8ms)[0m  DROP TABLE "clients"
  [1m[36m (0.5ms)[0m  [1mDELETE FROM "schema_migrations" WHERE "schema_migrations"."version" = '20120918154117'[0m
  [1m[35m (141.3ms)[0m  commit transaction
Migrating to CreateAdmins (20120918153919)
  [1m[36m (0.1ms)[0m  [1mbegin transaction[0m
  [1m[35m (1.0ms)[0m  DROP TABLE "admins"
  [1m[36m (0.3ms)[0m  [1mDELETE FROM "schema_migrations" WHERE "schema_migrations"."version" = '20120918153919'[0m
  [1m[35m (128.9ms)[0m  commit transaction
  [1m[36m (0.4ms)[0m  [1mselect sqlite_version(*)[0m
  [1m[35m (0.1ms)[0m  SELECT "schema_migrations"."version" FROM "schema_migrations" 
Connecting to database specified by database.yml
  [1m[36m (0.3ms)[0m  [1mSELECT "schema_migrations"."version" FROM "schema_migrations" [0m
Migrating to CreateAdmins (20120918153919)
  [1m[35m (0.2ms)[0m  select sqlite_version(*)
  [1m[36m (0.1ms)[0m  [1mbegin transaction[0m
  [1m[35m (1.7ms)[0m  CREATE TABLE "admins" ("id" INTEGER PRIMARY KEY AUTOINCREMENT NOT NULL, "firstname" varchar(255), "lastname" varchar(255), "email" varchar(255), "password_digest" varchar(255), "remember_token" varchar(255), "created_at" datetime NOT NULL, "updated_at" datetime NOT NULL) 
  [1m[36m (0.5ms)[0m  [1mINSERT INTO "schema_migrations" ("version") VALUES ('20120918153919')[0m
  [1m[35m (159.2ms)[0m  commit transaction
Migrating to CreateClients (20120918154117)
  [1m[36m (0.1ms)[0m  [1mbegin transaction[0m
  [1m[35m (1.9ms)[0m  CREATE TABLE "clients" ("id" INTEGER PRIMARY KEY AUTOINCREMENT NOT NULL, "firstname" varchar(255), "lastname" varchar(255), "phone" varchar(255), "street" varchar(255), "house" varchar(255), "box" varchar(255), "zipcode" varchar(255), "city" varchar(255), "country" varchar(255), "created_at" datetime NOT NULL, "updated_at" datetime NOT NULL) 
  [1m[36m (0.5ms)[0m  [1mINSERT INTO "schema_migrations" ("version") VALUES ('20120918154117')[0m
  [1m[35m (134.1ms)[0m  commit transaction
Migrating to AddIndexToAdminsEmail (20120918201638)
  [1m[36m (0.1ms)[0m  [1mbegin transaction[0m
  [1m[35m (0.1ms)[0m  PRAGMA index_list("admins")
  [1m[36m (2.1ms)[0m  [1mCREATE UNIQUE INDEX "index_admins_on_email" ON "admins" ("email")[0m
  [1m[35m (0.9ms)[0m  INSERT INTO "schema_migrations" ("version") VALUES ('20120918201638')
  [1m[36m (146.7ms)[0m  [1mcommit transaction[0m
  [1m[35m (0.5ms)[0m  select sqlite_version(*)
  [1m[36m (0.1ms)[0m  [1mSELECT "schema_migrations"."version" FROM "schema_migrations" [0m
  [1m[35m (0.1ms)[0m  PRAGMA index_list("admins")
  [1m[36m (0.1ms)[0m  [1mPRAGMA index_info('index_admins_on_email')[0m
  [1m[35m (0.0ms)[0m  PRAGMA index_list("clients")
Connecting to database specified by database.yml
  [1m[36m (0.1ms)[0m  [1mSELECT "schema_migrations"."version" FROM "schema_migrations" [0m
  [1m[35m (0.3ms)[0m  select sqlite_version(*)
  [1m[36m (155.4ms)[0m  [1mCREATE TABLE "admins" ("id" INTEGER PRIMARY KEY AUTOINCREMENT NOT NULL, "firstname" varchar(255), "lastname" varchar(255), "email" varchar(255), "password_digest" varchar(255), "remember_token" varchar(255), "created_at" datetime NOT NULL, "updated_at" datetime NOT NULL) [0m
  [1m[35m (0.1ms)[0m  PRAGMA index_list("admins")
  [1m[36m (118.6ms)[0m  [1mCREATE UNIQUE INDEX "index_admins_on_email" ON "admins" ("email")[0m
  [1m[35m (133.8ms)[0m  CREATE TABLE "clients" ("id" INTEGER PRIMARY KEY AUTOINCREMENT NOT NULL, "firstname" varchar(255), "lastname" varchar(255), "phone" varchar(255), "street" varchar(255), "house" varchar(255), "box" varchar(255), "zipcode" varchar(255), "city" varchar(255), "country" varchar(255), "created_at" datetime NOT NULL, "updated_at" datetime NOT NULL) 
  [1m[36m (127.0ms)[0m  [1mCREATE TABLE "schema_migrations" ("version" varchar(255) NOT NULL) [0m
  [1m[35m (0.1ms)[0m  PRAGMA index_list("schema_migrations")
  [1m[36m (141.9ms)[0m  [1mCREATE UNIQUE INDEX "unique_schema_migrations" ON "schema_migrations" ("version")[0m
  [1m[35m (0.2ms)[0m  SELECT version FROM "schema_migrations"
  [1m[36m (110.4ms)[0m  [1mINSERT INTO "schema_migrations" (version) VALUES ('20120918201638')[0m
  [1m[35m (110.9ms)[0m  INSERT INTO "schema_migrations" (version) VALUES ('20120918154117')
  [1m[36m (110.3ms)[0m  [1mINSERT INTO "schema_migrations" (version) VALUES ('20120918153919')[0m
Connecting to database specified by database.yml
Connecting to database specified by database.yml
  [1m[36m (0.3ms)[0m  [1mSELECT "schema_migrations"."version" FROM "schema_migrations" [0m
Migrating to CreateAdmins (20120918153919)
Migrating to CreateClients (20120918154117)
Migrating to AddIndexToAdminsEmail (20120918201638)
Migrating to CreateOperations (20120921153618)
  [1m[35m (0.1ms)[0m  select sqlite_version(*)
  [1m[36m (0.1ms)[0m  [1mbegin transaction[0m
  [1m[35m (0.8ms)[0m  CREATE TABLE "operations" ("id" INTEGER PRIMARY KEY AUTOINCREMENT NOT NULL, "client_id" integer, "type" varchar(255), "value_date" date, "close_date" date, "sum" decimal, "rate" decimal, "duration" integer, "interests" decimal, "total" decimal, "created_at" datetime NOT NULL, "updated_at" datetime NOT NULL) 
  [1m[36m (0.2ms)[0m  [1mINSERT INTO "schema_migrations" ("version") VALUES ('20120921153618')[0m
  [1m[35m (216.9ms)[0m  commit transaction
  [1m[36m (0.5ms)[0m  [1mselect sqlite_version(*)[0m
  [1m[35m (0.1ms)[0m  SELECT "schema_migrations"."version" FROM "schema_migrations" 
  [1m[36m (0.1ms)[0m  [1mPRAGMA index_list("admins")[0m
  [1m[35m (0.0ms)[0m  PRAGMA index_info('index_admins_on_email')
  [1m[36m (0.0ms)[0m  [1mPRAGMA index_list("clients")[0m
  [1m[35m (0.0ms)[0m  PRAGMA index_list("operations")
Connecting to database specified by database.yml
  [1m[36m (0.1ms)[0m  [1mSELECT "schema_migrations"."version" FROM "schema_migrations" [0m
  [1m[35m (0.3ms)[0m  select sqlite_version(*)
  [1m[36m (229.0ms)[0m  [1mCREATE TABLE "admins" ("id" INTEGER PRIMARY KEY AUTOINCREMENT NOT NULL, "firstname" varchar(255), "lastname" varchar(255), "email" varchar(255), "password_digest" varchar(255), "remember_token" varchar(255), "created_at" datetime NOT NULL, "updated_at" datetime NOT NULL) [0m
  [1m[35m (0.1ms)[0m  PRAGMA index_list("admins")
  [1m[36m (109.0ms)[0m  [1mCREATE UNIQUE INDEX "index_admins_on_email" ON "admins" ("email")[0m
  [1m[35m (144.2ms)[0m  CREATE TABLE "clients" ("id" INTEGER PRIMARY KEY AUTOINCREMENT NOT NULL, "firstname" varchar(255), "lastname" varchar(255), "phone" varchar(255), "street" varchar(255), "house" varchar(255), "box" varchar(255), "zipcode" varchar(255), "city" varchar(255), "country" varchar(255), "created_at" datetime NOT NULL, "updated_at" datetime NOT NULL) 
  [1m[36m (113.6ms)[0m  [1mCREATE TABLE "operations" ("id" INTEGER PRIMARY KEY AUTOINCREMENT NOT NULL, "client_id" integer, "type" varchar(255), "value_date" date, "close_date" date, "sum" decimal, "rate" decimal, "duration" integer, "interests" decimal, "total" decimal, "created_at" datetime NOT NULL, "updated_at" datetime NOT NULL) [0m
  [1m[35m (141.6ms)[0m  CREATE TABLE "schema_migrations" ("version" varchar(255) NOT NULL) 
  [1m[36m (0.1ms)[0m  [1mPRAGMA index_list("schema_migrations")[0m
  [1m[35m (112.1ms)[0m  CREATE UNIQUE INDEX "unique_schema_migrations" ON "schema_migrations" ("version")
  [1m[36m (0.2ms)[0m  [1mSELECT version FROM "schema_migrations"[0m
  [1m[35m (108.4ms)[0m  INSERT INTO "schema_migrations" (version) VALUES ('20120921153618')
  [1m[36m (99.8ms)[0m  [1mINSERT INTO "schema_migrations" (version) VALUES ('20120918154117')[0m
  [1m[35m (99.6ms)[0m  INSERT INTO "schema_migrations" (version) VALUES ('20120918153919')
  [1m[36m (88.5ms)[0m  [1mINSERT INTO "schema_migrations" (version) VALUES ('20120918201638')[0m
Connecting to database specified by database.yml
  [1m[36m (0.1ms)[0m  [1mSELECT "schema_migrations"."version" FROM "schema_migrations" [0m
  [1m[35m (0.3ms)[0m  select sqlite_version(*)
  [1m[36m (154.9ms)[0m  [1mCREATE TABLE "admins" ("id" INTEGER PRIMARY KEY AUTOINCREMENT NOT NULL, "firstname" varchar(255), "lastname" varchar(255), "email" varchar(255), "password_digest" varchar(255), "remember_token" varchar(255), "created_at" datetime NOT NULL, "updated_at" datetime NOT NULL) [0m
  [1m[35m (0.1ms)[0m  PRAGMA index_list("admins")
  [1m[36m (105.0ms)[0m  [1mCREATE UNIQUE INDEX "index_admins_on_email" ON "admins" ("email")[0m
  [1m[35m (136.9ms)[0m  CREATE TABLE "clients" ("id" INTEGER PRIMARY KEY AUTOINCREMENT NOT NULL, "firstname" varchar(255), "lastname" varchar(255), "phone" varchar(255), "street" varchar(255), "house" varchar(255), "box" varchar(255), "zipcode" varchar(255), "city" varchar(255), "country" varchar(255), "created_at" datetime NOT NULL, "updated_at" datetime NOT NULL) 
  [1m[36m (121.0ms)[0m  [1mCREATE TABLE "operations" ("id" INTEGER PRIMARY KEY AUTOINCREMENT NOT NULL, "client_id" integer, "type" varchar(255), "value_date" date, "close_date" date, "sum" decimal, "rate" decimal, "duration" integer, "interests" decimal, "total" decimal, "created_at" datetime NOT NULL, "updated_at" datetime NOT NULL) [0m
  [1m[35m (145.1ms)[0m  CREATE TABLE "schema_migrations" ("version" varchar(255) NOT NULL) 
  [1m[36m (0.1ms)[0m  [1mPRAGMA index_list("schema_migrations")[0m
  [1m[35m (130.1ms)[0m  CREATE UNIQUE INDEX "unique_schema_migrations" ON "schema_migrations" ("version")
  [1m[36m (0.2ms)[0m  [1mSELECT version FROM "schema_migrations"[0m
  [1m[35m (108.5ms)[0m  INSERT INTO "schema_migrations" (version) VALUES ('20120921153618')
  [1m[36m (112.9ms)[0m  [1mINSERT INTO "schema_migrations" (version) VALUES ('20120918154117')[0m
  [1m[35m (97.2ms)[0m  INSERT INTO "schema_migrations" (version) VALUES ('20120918153919')
  [1m[36m (223.0ms)[0m  [1mINSERT INTO "schema_migrations" (version) VALUES ('20120918201638')[0m
Connecting to database specified by database.yml
  [1m[36m (0.7ms)[0m  [1mbegin transaction[0m
Connecting to database specified by database.yml
  [1m[36m (0.7ms)[0m  [1mbegin transaction[0m
Connecting to database specified by database.yml
  [1m[36m (0.1ms)[0m  [1mSELECT "schema_migrations"."version" FROM "schema_migrations" [0m
  [1m[35m (0.1ms)[0m  SELECT "schema_migrations"."version" FROM "schema_migrations" 
  [1m[36m (0.1ms)[0m  [1mSELECT "schema_migrations"."version" FROM "schema_migrations" [0m
Migrating to CreateOperations (20120921153618)
  [1m[35m (23.3ms)[0m  select sqlite_version(*)
  [1m[36m (0.1ms)[0m  [1mbegin transaction[0m
  [1m[35m (19.9ms)[0m  DROP TABLE "operations"
  [1m[36m (5.1ms)[0m  [1mDELETE FROM "schema_migrations" WHERE "schema_migrations"."version" = '20120921153618'[0m
  [1m[35m (154.7ms)[0m  commit transaction
Migrating to AddIndexToAdminsEmail (20120918201638)
  [1m[36m (0.1ms)[0m  [1mbegin transaction[0m
  [1m[35m (0.2ms)[0m  PRAGMA index_list("admins")
  [1m[36m (0.2ms)[0m  [1mPRAGMA index_info('index_admins_on_email')[0m
  [1m[35m (1.1ms)[0m  DROP INDEX "index_admins_on_email"
  [1m[36m (0.4ms)[0m  [1mDELETE FROM "schema_migrations" WHERE "schema_migrations"."version" = '20120918201638'[0m
  [1m[35m (176.7ms)[0m  commit transaction
Migrating to CreateClients (20120918154117)
  [1m[36m (0.1ms)[0m  [1mbegin transaction[0m
  [1m[35m (2.3ms)[0m  DROP TABLE "clients"
  [1m[36m (0.8ms)[0m  [1mDELETE FROM "schema_migrations" WHERE "schema_migrations"."version" = '20120918154117'[0m
  [1m[35m (148.5ms)[0m  commit transaction
Migrating to CreateAdmins (20120918153919)
  [1m[36m (0.1ms)[0m  [1mbegin transaction[0m
  [1m[35m (1.9ms)[0m  DROP TABLE "admins"
  [1m[36m (0.8ms)[0m  [1mDELETE FROM "schema_migrations" WHERE "schema_migrations"."version" = '20120918153919'[0m
  [1m[35m (133.7ms)[0m  commit transaction
  [1m[36m (0.6ms)[0m  [1mselect sqlite_version(*)[0m
  [1m[35m (0.2ms)[0m  SELECT "schema_migrations"."version" FROM "schema_migrations" 
Connecting to database specified by database.yml
  [1m[36m (0.1ms)[0m  [1mSELECT "schema_migrations"."version" FROM "schema_migrations" [0m
Migrating to CreateAdmins (20120918153919)
  [1m[35m (0.1ms)[0m  select sqlite_version(*)
  [1m[36m (0.1ms)[0m  [1mbegin transaction[0m
  [1m[35m (1.3ms)[0m  CREATE TABLE "admins" ("id" INTEGER PRIMARY KEY AUTOINCREMENT NOT NULL, "firstname" varchar(255), "lastname" varchar(255), "email" varchar(255), "password_digest" varchar(255), "remember_token" varchar(255), "created_at" datetime NOT NULL, "updated_at" datetime NOT NULL) 
  [1m[36m (0.4ms)[0m  [1mINSERT INTO "schema_migrations" ("version") VALUES ('20120918153919')[0m
  [1m[35m (198.2ms)[0m  commit transaction
Migrating to CreateClients (20120918154117)
  [1m[36m (0.1ms)[0m  [1mbegin transaction[0m
  [1m[35m (1.7ms)[0m  CREATE TABLE "clients" ("id" INTEGER PRIMARY KEY AUTOINCREMENT NOT NULL, "firstname" varchar(255), "lastname" varchar(255), "phone" varchar(255), "street" varchar(255), "house" varchar(255), "box" varchar(255), "zipcode" varchar(255), "city" varchar(255), "country" varchar(255), "created_at" datetime NOT NULL, "updated_at" datetime NOT NULL) 
  [1m[36m (1.0ms)[0m  [1mINSERT INTO "schema_migrations" ("version") VALUES ('20120918154117')[0m
  [1m[35m (178.0ms)[0m  commit transaction
Migrating to AddIndexToAdminsEmail (20120918201638)
  [1m[36m (0.1ms)[0m  [1mbegin transaction[0m
  [1m[35m (0.1ms)[0m  PRAGMA index_list("admins")
  [1m[36m (1.8ms)[0m  [1mCREATE UNIQUE INDEX "index_admins_on_email" ON "admins" ("email")[0m
  [1m[35m (0.4ms)[0m  INSERT INTO "schema_migrations" ("version") VALUES ('20120918201638')
  [1m[36m (170.8ms)[0m  [1mcommit transaction[0m
Migrating to CreateOperations (20120921153618)
  [1m[35m (0.1ms)[0m  begin transaction
  [1m[36m (1.9ms)[0m  [1mCREATE TABLE "operations" ("id" INTEGER PRIMARY KEY AUTOINCREMENT NOT NULL, "client_id" integer, "transaction" varchar(255), "value_date" date, "sum" decimal, "rate" decimal, "duration" integer, "interests" decimal, "total" decimal, "created_at" datetime NOT NULL, "updated_at" datetime NOT NULL) [0m
  [1m[35m (0.9ms)[0m  INSERT INTO "schema_migrations" ("version") VALUES ('20120921153618')
  [1m[36m (143.2ms)[0m  [1mcommit transaction[0m
  [1m[35m (0.5ms)[0m  select sqlite_version(*)
  [1m[36m (0.1ms)[0m  [1mSELECT "schema_migrations"."version" FROM "schema_migrations" [0m
  [1m[35m (0.1ms)[0m  PRAGMA index_list("admins")
  [1m[36m (0.1ms)[0m  [1mPRAGMA index_info('index_admins_on_email')[0m
  [1m[35m (0.0ms)[0m  PRAGMA index_list("clients")
  [1m[36m (0.0ms)[0m  [1mPRAGMA index_list("operations")[0m
Connecting to database specified by database.yml
  [1m[36m (0.1ms)[0m  [1mSELECT "schema_migrations"."version" FROM "schema_migrations" [0m
  [1m[35m (0.4ms)[0m  select sqlite_version(*)
  [1m[36m (144.7ms)[0m  [1mCREATE TABLE "admins" ("id" INTEGER PRIMARY KEY AUTOINCREMENT NOT NULL, "firstname" varchar(255), "lastname" varchar(255), "email" varchar(255), "password_digest" varchar(255), "remember_token" varchar(255), "created_at" datetime NOT NULL, "updated_at" datetime NOT NULL) [0m
  [1m[35m (0.1ms)[0m  PRAGMA index_list("admins")
  [1m[36m (111.8ms)[0m  [1mCREATE UNIQUE INDEX "index_admins_on_email" ON "admins" ("email")[0m
  [1m[35m (131.3ms)[0m  CREATE TABLE "clients" ("id" INTEGER PRIMARY KEY AUTOINCREMENT NOT NULL, "firstname" varchar(255), "lastname" varchar(255), "phone" varchar(255), "street" varchar(255), "house" varchar(255), "box" varchar(255), "zipcode" varchar(255), "city" varchar(255), "country" varchar(255), "created_at" datetime NOT NULL, "updated_at" datetime NOT NULL) 
  [1m[36m (115.4ms)[0m  [1mCREATE TABLE "operations" ("id" INTEGER PRIMARY KEY AUTOINCREMENT NOT NULL, "client_id" integer, "transaction" varchar(255), "value_date" date, "sum" decimal, "rate" decimal, "duration" integer, "interests" decimal, "total" decimal, "created_at" datetime NOT NULL, "updated_at" datetime NOT NULL) [0m
  [1m[35m (137.9ms)[0m  CREATE TABLE "schema_migrations" ("version" varchar(255) NOT NULL) 
  [1m[36m (0.1ms)[0m  [1mPRAGMA index_list("schema_migrations")[0m
  [1m[35m (104.4ms)[0m  CREATE UNIQUE INDEX "unique_schema_migrations" ON "schema_migrations" ("version")
  [1m[36m (0.2ms)[0m  [1mSELECT version FROM "schema_migrations"[0m
  [1m[35m (97.4ms)[0m  INSERT INTO "schema_migrations" (version) VALUES ('20120921153618')
  [1m[36m (99.4ms)[0m  [1mINSERT INTO "schema_migrations" (version) VALUES ('20120918154117')[0m
  [1m[35m (121.7ms)[0m  INSERT INTO "schema_migrations" (version) VALUES ('20120918153919')
  [1m[36m (112.5ms)[0m  [1mINSERT INTO "schema_migrations" (version) VALUES ('20120918201638')[0m
Connecting to database specified by database.yml
  [1m[36m (0.1ms)[0m  [1mSELECT "schema_migrations"."version" FROM "schema_migrations" [0m
  [1m[35m (0.1ms)[0m  SELECT "schema_migrations"."version" FROM "schema_migrations" 
  [1m[36m (0.1ms)[0m  [1mSELECT "schema_migrations"."version" FROM "schema_migrations" [0m
Migrating to CreateOperations (20120921153618)
  [1m[35m (0.1ms)[0m  select sqlite_version(*)
  [1m[36m (0.1ms)[0m  [1mbegin transaction[0m
  [1m[35m (1.5ms)[0m  DROP TABLE "operations"
  [1m[36m (0.5ms)[0m  [1mDELETE FROM "schema_migrations" WHERE "schema_migrations"."version" = '20120921153618'[0m
  [1m[35m (114.9ms)[0m  commit transaction
Migrating to AddIndexToAdminsEmail (20120918201638)
  [1m[36m (0.1ms)[0m  [1mbegin transaction[0m
  [1m[35m (0.2ms)[0m  PRAGMA index_list("admins")
  [1m[36m (0.1ms)[0m  [1mPRAGMA index_info('index_admins_on_email')[0m
  [1m[35m (1.0ms)[0m  DROP INDEX "index_admins_on_email"
  [1m[36m (0.4ms)[0m  [1mDELETE FROM "schema_migrations" WHERE "schema_migrations"."version" = '20120918201638'[0m
  [1m[35m (116.4ms)[0m  commit transaction
Migrating to CreateClients (20120918154117)
  [1m[36m (0.1ms)[0m  [1mbegin transaction[0m
  [1m[35m (2.7ms)[0m  DROP TABLE "clients"
  [1m[36m (0.9ms)[0m  [1mDELETE FROM "schema_migrations" WHERE "schema_migrations"."version" = '20120918154117'[0m
  [1m[35m (135.9ms)[0m  commit transaction
Migrating to CreateAdmins (20120918153919)
  [1m[36m (0.1ms)[0m  [1mbegin transaction[0m
  [1m[35m (1.7ms)[0m  DROP TABLE "admins"
  [1m[36m (1.0ms)[0m  [1mDELETE FROM "schema_migrations" WHERE "schema_migrations"."version" = '20120918153919'[0m
  [1m[35m (158.4ms)[0m  commit transaction
  [1m[36m (0.4ms)[0m  [1mselect sqlite_version(*)[0m
  [1m[35m (0.1ms)[0m  SELECT "schema_migrations"."version" FROM "schema_migrations" 
Connecting to database specified by database.yml
  [1m[36m (0.1ms)[0m  [1mSELECT "schema_migrations"."version" FROM "schema_migrations" [0m
Migrating to CreateAdmins (20120918153919)
  [1m[35m (0.1ms)[0m  select sqlite_version(*)
  [1m[36m (0.1ms)[0m  [1mbegin transaction[0m
  [1m[35m (1.3ms)[0m  CREATE TABLE "admins" ("id" INTEGER PRIMARY KEY AUTOINCREMENT NOT NULL, "firstname" varchar(255), "lastname" varchar(255), "email" varchar(255), "password_digest" varchar(255), "remember_token" varchar(255), "created_at" datetime NOT NULL, "updated_at" datetime NOT NULL) 
  [1m[36m (0.5ms)[0m  [1mINSERT INTO "schema_migrations" ("version") VALUES ('20120918153919')[0m
  [1m[35m (177.0ms)[0m  commit transaction
Migrating to CreateClients (20120918154117)
  [1m[36m (0.1ms)[0m  [1mbegin transaction[0m
  [1m[35m (1.9ms)[0m  CREATE TABLE "clients" ("id" INTEGER PRIMARY KEY AUTOINCREMENT NOT NULL, "firstname" varchar(255), "lastname" varchar(255), "phone" varchar(255), "street" varchar(255), "house" varchar(255), "box" varchar(255), "zipcode" varchar(255), "city" varchar(255), "country" varchar(255), "created_at" datetime NOT NULL, "updated_at" datetime NOT NULL) 
  [1m[36m (0.9ms)[0m  [1mINSERT INTO "schema_migrations" ("version") VALUES ('20120918154117')[0m
  [1m[35m (167.0ms)[0m  commit transaction
Migrating to AddIndexToAdminsEmail (20120918201638)
  [1m[36m (0.1ms)[0m  [1mbegin transaction[0m
  [1m[35m (0.1ms)[0m  PRAGMA index_list("admins")
  [1m[36m (2.3ms)[0m  [1mCREATE UNIQUE INDEX "index_admins_on_email" ON "admins" ("email")[0m
  [1m[35m (0.8ms)[0m  INSERT INTO "schema_migrations" ("version") VALUES ('20120918201638')
  [1m[36m (158.4ms)[0m  [1mcommit transaction[0m
Migrating to CreateOperations (20120921153618)
  [1m[35m (0.1ms)[0m  begin transaction
  [1m[36m (1.0ms)[0m  [1mCREATE TABLE "operations" ("id" INTEGER PRIMARY KEY AUTOINCREMENT NOT NULL, "client_id" integer, "operation_type" varchar(255), "value_date" date, "sum" decimal, "rate" decimal, "duration" integer, "interests" decimal, "total" decimal, "created_at" datetime NOT NULL, "updated_at" datetime NOT NULL) [0m
  [1m[35m (0.4ms)[0m  INSERT INTO "schema_migrations" ("version") VALUES ('20120921153618')
  [1m[36m (169.3ms)[0m  [1mcommit transaction[0m
  [1m[35m (0.5ms)[0m  select sqlite_version(*)
  [1m[36m (0.1ms)[0m  [1mSELECT "schema_migrations"."version" FROM "schema_migrations" [0m
  [1m[35m (0.1ms)[0m  PRAGMA index_list("admins")
  [1m[36m (0.1ms)[0m  [1mPRAGMA index_info('index_admins_on_email')[0m
  [1m[35m (0.0ms)[0m  PRAGMA index_list("clients")
  [1m[36m (0.0ms)[0m  [1mPRAGMA index_list("operations")[0m
Connecting to database specified by database.yml
  [1m[36m (0.1ms)[0m  [1mSELECT "schema_migrations"."version" FROM "schema_migrations" [0m
  [1m[35m (0.3ms)[0m  select sqlite_version(*)
  [1m[36m (158.9ms)[0m  [1mCREATE TABLE "admins" ("id" INTEGER PRIMARY KEY AUTOINCREMENT NOT NULL, "firstname" varchar(255), "lastname" varchar(255), "email" varchar(255), "password_digest" varchar(255), "remember_token" varchar(255), "created_at" datetime NOT NULL, "updated_at" datetime NOT NULL) [0m
  [1m[35m (0.1ms)[0m  PRAGMA index_list("admins")
  [1m[36m (96.2ms)[0m  [1mCREATE UNIQUE INDEX "index_admins_on_email" ON "admins" ("email")[0m
  [1m[35m (124.3ms)[0m  CREATE TABLE "clients" ("id" INTEGER PRIMARY KEY AUTOINCREMENT NOT NULL, "firstname" varchar(255), "lastname" varchar(255), "phone" varchar(255), "street" varchar(255), "house" varchar(255), "box" varchar(255), "zipcode" varchar(255), "city" varchar(255), "country" varchar(255), "created_at" datetime NOT NULL, "updated_at" datetime NOT NULL) 
  [1m[36m (111.0ms)[0m  [1mCREATE TABLE "operations" ("id" INTEGER PRIMARY KEY AUTOINCREMENT NOT NULL, "client_id" integer, "operation_type" varchar(255), "value_date" date, "sum" decimal, "rate" decimal, "duration" integer, "interests" decimal, "total" decimal, "created_at" datetime NOT NULL, "updated_at" datetime NOT NULL) [0m
  [1m[35m (131.0ms)[0m  CREATE TABLE "schema_migrations" ("version" varchar(255) NOT NULL) 
  [1m[36m (0.1ms)[0m  [1mPRAGMA index_list("schema_migrations")[0m
  [1m[35m (110.9ms)[0m  CREATE UNIQUE INDEX "unique_schema_migrations" ON "schema_migrations" ("version")
  [1m[36m (0.2ms)[0m  [1mSELECT version FROM "schema_migrations"[0m
  [1m[35m (97.4ms)[0m  INSERT INTO "schema_migrations" (version) VALUES ('20120921153618')
  [1m[36m (88.4ms)[0m  [1mINSERT INTO "schema_migrations" (version) VALUES ('20120918154117')[0m
  [1m[35m (88.5ms)[0m  INSERT INTO "schema_migrations" (version) VALUES ('20120918153919')
  [1m[36m (88.4ms)[0m  [1mINSERT INTO "schema_migrations" (version) VALUES ('20120918201638')[0m
Connecting to database specified by database.yml
  [1m[36m (0.1ms)[0m  [1mSELECT "schema_migrations"."version" FROM "schema_migrations" [0m
  [1m[35m (0.1ms)[0m  SELECT "schema_migrations"."version" FROM "schema_migrations" 
  [1m[36m (0.1ms)[0m  [1mSELECT "schema_migrations"."version" FROM "schema_migrations" [0m
Migrating to CreateOperations (20120921153618)
  [1m[35m (0.1ms)[0m  select sqlite_version(*)
  [1m[36m (0.1ms)[0m  [1mbegin transaction[0m
  [1m[35m (1.4ms)[0m  DROP TABLE "operations"
  [1m[36m (0.5ms)[0m  [1mDELETE FROM "schema_migrations" WHERE "schema_migrations"."version" = '20120921153618'[0m
  [1m[35m (170.5ms)[0m  commit transaction
Migrating to AddIndexToAdminsEmail (20120918201638)
  [1m[36m (0.1ms)[0m  [1mbegin transaction[0m
  [1m[35m (0.2ms)[0m  PRAGMA index_list("admins")
  [1m[36m (0.1ms)[0m  [1mPRAGMA index_info('index_admins_on_email')[0m
  [1m[35m (1.0ms)[0m  DROP INDEX "index_admins_on_email"
  [1m[36m (0.4ms)[0m  [1mDELETE FROM "schema_migrations" WHERE "schema_migrations"."version" = '20120918201638'[0m
  [1m[35m (184.3ms)[0m  commit transaction
Migrating to CreateClients (20120918154117)
  [1m[36m (0.1ms)[0m  [1mbegin transaction[0m
  [1m[35m (2.3ms)[0m  DROP TABLE "clients"
  [1m[36m (0.8ms)[0m  [1mDELETE FROM "schema_migrations" WHERE "schema_migrations"."version" = '20120918154117'[0m
  [1m[35m (147.1ms)[0m  commit transaction
Migrating to CreateAdmins (20120918153919)
  [1m[36m (0.1ms)[0m  [1mbegin transaction[0m
  [1m[35m (1.7ms)[0m  DROP TABLE "admins"
  [1m[36m (0.9ms)[0m  [1mDELETE FROM "schema_migrations" WHERE "schema_migrations"."version" = '20120918153919'[0m
  [1m[35m (169.5ms)[0m  commit transaction
  [1m[36m (0.4ms)[0m  [1mselect sqlite_version(*)[0m
  [1m[35m (0.1ms)[0m  SELECT "schema_migrations"."version" FROM "schema_migrations" 
Connecting to database specified by database.yml
  [1m[36m (0.1ms)[0m  [1mSELECT "schema_migrations"."version" FROM "schema_migrations" [0m
Migrating to CreateAdmins (20120918153919)
  [1m[35m (0.1ms)[0m  select sqlite_version(*)
  [1m[36m (0.1ms)[0m  [1mbegin transaction[0m
  [1m[35m (1.3ms)[0m  CREATE TABLE "admins" ("id" INTEGER PRIMARY KEY AUTOINCREMENT NOT NULL, "firstname" varchar(255), "lastname" varchar(255), "email" varchar(255), "password_digest" varchar(255), "remember_token" varchar(255), "created_at" datetime NOT NULL, "updated_at" datetime NOT NULL) 
  [1m[36m (0.4ms)[0m  [1mINSERT INTO "schema_migrations" ("version") VALUES ('20120918153919')[0m
  [1m[35m (187.1ms)[0m  commit transaction
Migrating to CreateClients (20120918154117)
  [1m[36m (0.1ms)[0m  [1mbegin transaction[0m
  [1m[35m (1.7ms)[0m  CREATE TABLE "clients" ("id" INTEGER PRIMARY KEY AUTOINCREMENT NOT NULL, "firstname" varchar(255), "lastname" varchar(255), "phone" varchar(255), "street" varchar(255), "house" varchar(255), "box" varchar(255), "zipcode" varchar(255), "city" varchar(255), "country" varchar(255), "created_at" datetime NOT NULL, "updated_at" datetime NOT NULL) 
  [1m[36m (0.5ms)[0m  [1mINSERT INTO "schema_migrations" ("version") VALUES ('20120918154117')[0m
  [1m[35m (156.2ms)[0m  commit transaction
Migrating to AddIndexToAdminsEmail (20120918201638)
  [1m[36m (0.4ms)[0m  [1mbegin transaction[0m
  [1m[35m (0.1ms)[0m  PRAGMA index_list("admins")
  [1m[36m (1.7ms)[0m  [1mCREATE UNIQUE INDEX "index_admins_on_email" ON "admins" ("email")[0m
  [1m[35m (0.8ms)[0m  INSERT INTO "schema_migrations" ("version") VALUES ('20120918201638')
  [1m[36m (147.2ms)[0m  [1mcommit transaction[0m
Migrating to CreateOperations (20120921153618)
  [1m[35m (0.1ms)[0m  begin transaction
  [1m[36m (1.9ms)[0m  [1mCREATE TABLE "operations" ("id" INTEGER PRIMARY KEY AUTOINCREMENT NOT NULL, "client_id" integer, "operation_type" varchar(255), "value_date" date, "sum" decimal(10,2), "rate" decimal(5,2), "duration" integer, "interests" decimal(10,2), "total" decimal(10,2), "created_at" datetime NOT NULL, "updated_at" datetime NOT NULL) [0m
  [1m[35m (0.8ms)[0m  INSERT INTO "schema_migrations" ("version") VALUES ('20120921153618')
  [1m[36m (155.9ms)[0m  [1mcommit transaction[0m
  [1m[35m (0.5ms)[0m  select sqlite_version(*)
  [1m[36m (0.1ms)[0m  [1mSELECT "schema_migrations"."version" FROM "schema_migrations" [0m
  [1m[35m (0.1ms)[0m  PRAGMA index_list("admins")
  [1m[36m (0.1ms)[0m  [1mPRAGMA index_info('index_admins_on_email')[0m
  [1m[35m (0.0ms)[0m  PRAGMA index_list("clients")
  [1m[36m (0.0ms)[0m  [1mPRAGMA index_list("operations")[0m
Connecting to database specified by database.yml
  [1m[36m (0.1ms)[0m  [1mSELECT "schema_migrations"."version" FROM "schema_migrations" [0m
  [1m[35m (0.3ms)[0m  select sqlite_version(*)
  [1m[36m (149.3ms)[0m  [1mCREATE TABLE "admins" ("id" INTEGER PRIMARY KEY AUTOINCREMENT NOT NULL, "firstname" varchar(255), "lastname" varchar(255), "email" varchar(255), "password_digest" varchar(255), "remember_token" varchar(255), "created_at" datetime NOT NULL, "updated_at" datetime NOT NULL) [0m
  [1m[35m (0.1ms)[0m  PRAGMA index_list("admins")
  [1m[36m (97.4ms)[0m  [1mCREATE UNIQUE INDEX "index_admins_on_email" ON "admins" ("email")[0m
  [1m[35m (108.7ms)[0m  CREATE TABLE "clients" ("id" INTEGER PRIMARY KEY AUTOINCREMENT NOT NULL, "firstname" varchar(255), "lastname" varchar(255), "phone" varchar(255), "street" varchar(255), "house" varchar(255), "box" varchar(255), "zipcode" varchar(255), "city" varchar(255), "country" varchar(255), "created_at" datetime NOT NULL, "updated_at" datetime NOT NULL) 
  [1m[36m (91.3ms)[0m  [1mCREATE TABLE "operations" ("id" INTEGER PRIMARY KEY AUTOINCREMENT NOT NULL, "client_id" integer, "operation_type" varchar(255), "value_date" date, "sum" decimal(10,2), "rate" decimal(5,2), "duration" integer, "interests" decimal(10,2), "total" decimal(10,2), "created_at" datetime NOT NULL, "updated_at" datetime NOT NULL) [0m
  [1m[35m (128.5ms)[0m  CREATE TABLE "schema_migrations" ("version" varchar(255) NOT NULL) 
  [1m[36m (0.1ms)[0m  [1mPRAGMA index_list("schema_migrations")[0m
  [1m[35m (91.5ms)[0m  CREATE UNIQUE INDEX "unique_schema_migrations" ON "schema_migrations" ("version")
  [1m[36m (0.2ms)[0m  [1mSELECT version FROM "schema_migrations"[0m
  [1m[35m (97.3ms)[0m  INSERT INTO "schema_migrations" (version) VALUES ('20120921153618')
  [1m[36m (99.6ms)[0m  [1mINSERT INTO "schema_migrations" (version) VALUES ('20120918154117')[0m
  [1m[35m (88.5ms)[0m  INSERT INTO "schema_migrations" (version) VALUES ('20120918153919')
  [1m[36m (155.0ms)[0m  [1mINSERT INTO "schema_migrations" (version) VALUES ('20120918201638')[0m
Connecting to database specified by database.yml
Connecting to database specified by database.yml
  [1m[36m (0.3ms)[0m  [1mSELECT "schema_migrations"."version" FROM "schema_migrations" [0m
Migrating to CreateAdmins (20120918153919)
Migrating to CreateClients (20120918154117)
Migrating to AddIndexToAdminsEmail (20120918201638)
Migrating to CreateOperations (20120921153618)
Migrating to CreateDocuments (20121002183604)
  [1m[35m (0.2ms)[0m  select sqlite_version(*)
  [1m[36m (0.1ms)[0m  [1mbegin transaction[0m
  [1m[35m (2.8ms)[0m  CREATE TABLE "documents" ("id" INTEGER PRIMARY KEY AUTOINCREMENT NOT NULL, "type" varchar(255), "created_at" datetime NOT NULL, "updated_at" datetime NOT NULL) 
  [1m[36m (0.5ms)[0m  [1mINSERT INTO "schema_migrations" ("version") VALUES ('20121002183604')[0m
  [1m[35m (857.8ms)[0m  commit transaction
  [1m[36m (0.9ms)[0m  [1mselect sqlite_version(*)[0m
  [1m[35m (0.1ms)[0m  SELECT "schema_migrations"."version" FROM "schema_migrations" 
  [1m[36m (0.1ms)[0m  [1mPRAGMA index_list("admins")[0m
  [1m[35m (0.1ms)[0m  PRAGMA index_info('index_admins_on_email')
  [1m[36m (0.0ms)[0m  [1mPRAGMA index_list("clients")[0m
  [1m[35m (0.0ms)[0m  PRAGMA index_list("documents")
  [1m[36m (0.0ms)[0m  [1mPRAGMA index_list("operations")[0m


Started GET "/assets/rails.png" for 127.0.0.1 at 2012-10-02 20:40:51 +0200
Connecting to database specified by database.yml
Served asset /rails.png - 200 OK (22ms)


Started GET "/documents" for 127.0.0.1 at 2012-10-02 20:41:00 +0200
Processing by DocumentsController#index as HTML
  [1m[36mDocument Load (0.1ms)[0m  [1mSELECT "documents".* FROM "documents" [0m
  Rendered documents/index.html.erb within layouts/application (16.3ms)
Compiled custom.css  (7291ms)  (pid 2814)
Compiled documents.css  (2ms)  (pid 2814)
Compiled scaffolds.css  (46ms)  (pid 2814)
Compiled application.css  (7630ms)  (pid 2814)
Compiled documents.js  (1222ms)  (pid 2814)
Compiled application.js  (1252ms)  (pid 2814)
Completed 200 OK in 9569ms (Views: 9460.1ms | ActiveRecord: 105.2ms)


Started GET "/assets/application.css?body=1" for 127.0.0.1 at 2012-10-02 20:41:10 +0200
Served asset /application.css - 200 OK (76ms)


Started GET "/assets/custom.css?body=1" for 127.0.0.1 at 2012-10-02 20:41:10 +0200
Served asset /custom.css - 200 OK (36ms)


Started GET "/assets/documents.css?body=1" for 127.0.0.1 at 2012-10-02 20:41:10 +0200
Served asset /documents.css - 200 OK (6ms)


Started GET "/assets/scaffolds.css?body=1" for 127.0.0.1 at 2012-10-02 20:41:10 +0200
Served asset /scaffolds.css - 200 OK (192ms)


Started GET "/assets/jquery.js?body=1" for 127.0.0.1 at 2012-10-02 20:41:10 +0200
Served asset /jquery.js - 304 Not Modified (15ms)


Started GET "/assets/jquery_ujs.js?body=1" for 127.0.0.1 at 2012-10-02 20:41:10 +0200
Served asset /jquery_ujs.js - 304 Not Modified (7ms)


Started GET "/assets/documents.js?body=1" for 127.0.0.1 at 2012-10-02 20:41:10 +0200
Served asset /documents.js - 200 OK (11ms)


Started GET "/assets/application.js?body=1" for 127.0.0.1 at 2012-10-02 20:41:10 +0200
Served asset /application.js - 200 OK (36ms)


Started GET "/documents" for 127.0.0.1 at 2012-10-02 20:42:37 +0200
Processing by DocumentsController#index as HTML
  [1m[35mDocument Load (0.3ms)[0m  SELECT "documents".* FROM "documents" 
  Rendered documents/index.html.erb within layouts/application (0.7ms)
Compiled custom.css  (3319ms)  (pid 2814)
Compiled application.css  (2ms)  (pid 2814)
Completed 200 OK in 3685ms (Views: 3677.0ms | ActiveRecord: 0.3ms)


Started GET "/assets/application.css?body=1" for 127.0.0.1 at 2012-10-02 20:42:41 +0200
Served asset /application.css - 304 Not Modified (68ms)


Started GET "/assets/documents.css?body=1" for 127.0.0.1 at 2012-10-02 20:42:41 +0200
Served asset /documents.css - 304 Not Modified (0ms)


Started GET "/assets/scaffolds.css?body=1" for 127.0.0.1 at 2012-10-02 20:42:41 +0200
Served asset /scaffolds.css - 304 Not Modified (0ms)


Started GET "/assets/jquery.js?body=1" for 127.0.0.1 at 2012-10-02 20:42:41 +0200
Served asset /jquery.js - 304 Not Modified (1ms)


Started GET "/assets/jquery_ujs.js?body=1" for 127.0.0.1 at 2012-10-02 20:42:41 +0200
Served asset /jquery_ujs.js - 304 Not Modified (0ms)


Started GET "/assets/custom.css?body=1" for 127.0.0.1 at 2012-10-02 20:42:41 +0200
Served asset /custom.css - 200 OK (170ms)


Started GET "/assets/application.js?body=1" for 127.0.0.1 at 2012-10-02 20:42:41 +0200
Served asset /application.js - 304 Not Modified (2ms)


Started GET "/assets/documents.js?body=1" for 127.0.0.1 at 2012-10-02 20:42:41 +0200
Served asset /documents.js - 304 Not Modified (0ms)


Started GET "/documents" for 127.0.0.1 at 2012-10-02 20:46:51 +0200
Connecting to database specified by database.yml
Processing by DocumentsController#index as HTML
  [1m[36mDocument Load (0.1ms)[0m  [1mSELECT "documents".* FROM "documents" [0m
  Rendered documents/index.html.erb within layouts/application (13.8ms)
Compiled bootstrap-transition.js  (0ms)  (pid 2856)
Compiled bootstrap-affix.js  (0ms)  (pid 2856)
Compiled bootstrap-alert.js  (0ms)  (pid 2856)
Compiled bootstrap-button.js  (0ms)  (pid 2856)
Compiled bootstrap-carousel.js  (0ms)  (pid 2856)
Compiled bootstrap-collapse.js  (0ms)  (pid 2856)
Compiled bootstrap-dropdown.js  (0ms)  (pid 2856)
Compiled bootstrap-modal.js  (0ms)  (pid 2856)
Compiled bootstrap-scrollspy.js  (0ms)  (pid 2856)
Compiled bootstrap-tab.js  (0ms)  (pid 2856)
Compiled bootstrap-tooltip.js  (0ms)  (pid 2856)
Compiled bootstrap-popover.js  (0ms)  (pid 2856)
Compiled bootstrap-typeahead.js  (0ms)  (pid 2856)
Compiled bootstrap.js  (881ms)  (pid 2856)
Compiled application.js  (943ms)  (pid 2856)
Completed 200 OK in 1611ms (Views: 1498.4ms | ActiveRecord: 102.2ms)


Started GET "/assets/application.css?body=1" for 127.0.0.1 at 2012-10-02 20:46:55 +0200
Served asset /application.css - 200 OK (141ms)


Started GET "/assets/custom.css?body=1" for 127.0.0.1 at 2012-10-02 20:46:55 +0200
Served asset /custom.css - 200 OK (40ms)


Started GET "/assets/scaffolds.css?body=1" for 127.0.0.1 at 2012-10-02 20:46:55 +0200
Served asset /scaffolds.css - 200 OK (14ms)


Started GET "/assets/documents.css?body=1" for 127.0.0.1 at 2012-10-02 20:46:55 +0200
Served asset /documents.css - 200 OK (2ms)


Started GET "/assets/jquery.js?body=1" for 127.0.0.1 at 2012-10-02 20:46:55 +0200
Served asset /jquery.js - 200 OK (41ms)


Started GET "/assets/jquery_ujs.js?body=1" for 127.0.0.1 at 2012-10-02 20:46:55 +0200
Served asset /jquery_ujs.js - 200 OK (3ms)


Started GET "/assets/bootstrap-transition.js?body=1" for 127.0.0.1 at 2012-10-02 20:46:55 +0200
Served asset /bootstrap-transition.js - 200 OK (12ms)


Started GET "/assets/bootstrap-affix.js?body=1" for 127.0.0.1 at 2012-10-02 20:46:55 +0200
Served asset /bootstrap-affix.js - 200 OK (12ms)


Started GET "/assets/bootstrap-alert.js?body=1" for 127.0.0.1 at 2012-10-02 20:46:55 +0200
Served asset /bootstrap-alert.js - 200 OK (3ms)


Started GET "/assets/bootstrap-button.js?body=1" for 127.0.0.1 at 2012-10-02 20:46:55 +0200
Served asset /bootstrap-button.js - 200 OK (21ms)


Started GET "/assets/bootstrap-carousel.js?body=1" for 127.0.0.1 at 2012-10-02 20:46:55 +0200
Served asset /bootstrap-carousel.js - 200 OK (12ms)


Started GET "/assets/bootstrap-collapse.js?body=1" for 127.0.0.1 at 2012-10-02 20:46:55 +0200
Served asset /bootstrap-collapse.js - 200 OK (7ms)


Started GET "/assets/bootstrap-dropdown.js?body=1" for 127.0.0.1 at 2012-10-02 20:46:55 +0200
Served asset /bootstrap-dropdown.js - 200 OK (162ms)


Started GET "/assets/bootstrap-modal.js?body=1" for 127.0.0.1 at 2012-10-02 20:46:56 +0200
Served asset /bootstrap-modal.js - 200 OK (3ms)


Started GET "/assets/bootstrap-scrollspy.js?body=1" for 127.0.0.1 at 2012-10-02 20:46:56 +0200
Served asset /bootstrap-scrollspy.js - 200 OK (17ms)


Started GET "/assets/bootstrap-tab.js?body=1" for 127.0.0.1 at 2012-10-02 20:46:56 +0200
Served asset /bootstrap-tab.js - 200 OK (12ms)


Started GET "/assets/bootstrap-tooltip.js?body=1" for 127.0.0.1 at 2012-10-02 20:46:56 +0200
Served asset /bootstrap-tooltip.js - 200 OK (16ms)


Started GET "/assets/bootstrap-popover.js?body=1" for 127.0.0.1 at 2012-10-02 20:46:56 +0200
Served asset /bootstrap-popover.js - 200 OK (38ms)


Started GET "/assets/bootstrap-typeahead.js?body=1" for 127.0.0.1 at 2012-10-02 20:46:56 +0200
Served asset /bootstrap-typeahead.js - 200 OK (18ms)


Started GET "/assets/bootstrap.js?body=1" for 127.0.0.1 at 2012-10-02 20:46:56 +0200
Served asset /bootstrap.js - 200 OK (75ms)


Started GET "/assets/documents.js?body=1" for 127.0.0.1 at 2012-10-02 20:46:56 +0200
Served asset /documents.js - 200 OK (7ms)


Started GET "/assets/application.js?body=1" for 127.0.0.1 at 2012-10-02 20:46:56 +0200
Served asset /application.js - 200 OK (108ms)


Started GET "/documents" for 127.0.0.1 at 2012-10-02 20:50:40 +0200
Connecting to database specified by database.yml
Processing by DocumentsController#index as HTML
  [1m[36mDocument Load (0.1ms)[0m  [1mSELECT "documents".* FROM "documents" [0m
  Rendered documents/index.html.erb within layouts/application (14.4ms)
Compiled custom.css  (5987ms)  (pid 2892)
Compiled documents.css  (2ms)  (pid 2892)
Compiled scaffolds.css  (42ms)  (pid 2892)
Compiled application.css  (6313ms)  (pid 2892)
Compiled jquery.js  (19ms)  (pid 2892)
Compiled jquery_ujs.js  (0ms)  (pid 2892)
Compiled bootstrap-transition.js  (0ms)  (pid 2892)
Compiled bootstrap-alert.js  (0ms)  (pid 2892)
Compiled bootstrap-button.js  (0ms)  (pid 2892)
Compiled bootstrap-carousel.js  (0ms)  (pid 2892)
Compiled bootstrap-collapse.js  (0ms)  (pid 2892)
Compiled bootstrap-dropdown.js  (124ms)  (pid 2892)
Compiled bootstrap-modal.js  (0ms)  (pid 2892)
Compiled bootstrap-scrollspy.js  (0ms)  (pid 2892)
Compiled bootstrap-tab.js  (0ms)  (pid 2892)
Compiled bootstrap-tooltip.js  (0ms)  (pid 2892)
Compiled bootstrap-popover.js  (0ms)  (pid 2892)
Compiled bootstrap-typeahead.js  (0ms)  (pid 2892)
Compiled bootstrap.js  (695ms)  (pid 2892)
Compiled documents.js  (1594ms)  (pid 2892)
Compiled application.js  (2550ms)  (pid 2892)
Completed 200 OK in 9659ms (Views: 9625.4ms | ActiveRecord: 20.4ms)


Started GET "/assets/application.css?body=1" for 127.0.0.1 at 2012-10-02 20:50:53 +0200
Served asset /application.css - 200 OK (161ms)


Started GET "/assets/custom.css?body=1" for 127.0.0.1 at 2012-10-02 20:50:53 +0200
Served asset /custom.css - 200 OK (38ms)


Started GET "/assets/documents.css?body=1" for 127.0.0.1 at 2012-10-02 20:50:53 +0200
Served asset /documents.css - 200 OK (2ms)


Started GET "/assets/scaffolds.css?body=1" for 127.0.0.1 at 2012-10-02 20:50:53 +0200
Served asset /scaffolds.css - 200 OK (5ms)


Started GET "/assets/jquery.js?body=1" for 127.0.0.1 at 2012-10-02 20:50:53 +0200
Served asset /jquery.js - 200 OK (23ms)


Started GET "/assets/jquery_ujs.js?body=1" for 127.0.0.1 at 2012-10-02 20:50:53 +0200
Served asset /jquery_ujs.js - 200 OK (18ms)


Started GET "/assets/bootstrap-transition.js?body=1" for 127.0.0.1 at 2012-10-02 20:50:53 +0200
Served asset /bootstrap-transition.js - 200 OK (23ms)


Started GET "/assets/bootstrap-button.js?body=1" for 127.0.0.1 at 2012-10-02 20:50:53 +0200
Served asset /bootstrap-button.js - 200 OK (11ms)


Started GET "/assets/bootstrap-alert.js?body=1" for 127.0.0.1 at 2012-10-02 20:50:53 +0200
Served asset /bootstrap-alert.js - 200 OK (7ms)


Started GET "/assets/bootstrap-carousel.js?body=1" for 127.0.0.1 at 2012-10-02 20:50:53 +0200
Served asset /bootstrap-carousel.js - 200 OK (18ms)


Started GET "/assets/bootstrap-collapse.js?body=1" for 127.0.0.1 at 2012-10-02 20:50:53 +0200
Served asset /bootstrap-collapse.js - 200 OK (16ms)


Started GET "/assets/bootstrap-dropdown.js?body=1" for 127.0.0.1 at 2012-10-02 20:50:53 +0200
Served asset /bootstrap-dropdown.js - 200 OK (3ms)


Started GET "/assets/bootstrap-modal.js?body=1" for 127.0.0.1 at 2012-10-02 20:50:53 +0200
Served asset /bootstrap-modal.js - 200 OK (7ms)


Started GET "/assets/bootstrap-scrollspy.js?body=1" for 127.0.0.1 at 2012-10-02 20:50:53 +0200
Served asset /bootstrap-scrollspy.js - 200 OK (12ms)


Started GET "/assets/bootstrap-tab.js?body=1" for 127.0.0.1 at 2012-10-02 20:50:53 +0200
Served asset /bootstrap-tab.js - 200 OK (13ms)


Started GET "/assets/bootstrap-tooltip.js?body=1" for 127.0.0.1 at 2012-10-02 20:50:53 +0200
Served asset /bootstrap-tooltip.js - 200 OK (4ms)


Started GET "/assets/bootstrap-popover.js?body=1" for 127.0.0.1 at 2012-10-02 20:50:53 +0200
Served asset /bootstrap-popover.js - 200 OK (22ms)


Started GET "/assets/bootstrap-typeahead.js?body=1" for 127.0.0.1 at 2012-10-02 20:50:53 +0200
Served asset /bootstrap-typeahead.js - 200 OK (14ms)


Started GET "/assets/bootstrap.js?body=1" for 127.0.0.1 at 2012-10-02 20:50:53 +0200
Served asset /bootstrap.js - 200 OK (76ms)


Started GET "/assets/documents.js?body=1" for 127.0.0.1 at 2012-10-02 20:50:53 +0200
Served asset /documents.js - 200 OK (6ms)


Started GET "/assets/application.js?body=1" for 127.0.0.1 at 2012-10-02 20:50:53 +0200
Served asset /application.js - 200 OK (235ms)


Started GET "/documents/new" for 127.0.0.1 at 2012-10-02 20:50:57 +0200
Processing by DocumentsController#new as HTML
  Rendered documents/_form.html.erb (576.8ms)
  Rendered documents/new.html.erb within layouts/application (634.7ms)
Completed 200 OK in 923ms (Views: 909.7ms | ActiveRecord: 0.0ms)


Started GET "/assets/application.css?body=1" for 127.0.0.1 at 2012-10-02 20:50:58 +0200
Served asset /application.css - 304 Not Modified (37ms)


Started GET "/assets/custom.css?body=1" for 127.0.0.1 at 2012-10-02 20:50:58 +0200
Served asset /custom.css - 304 Not Modified (20ms)


Started GET "/assets/documents.css?body=1" for 127.0.0.1 at 2012-10-02 20:50:58 +0200
Served asset /documents.css - 304 Not Modified (0ms)


Started GET "/assets/scaffolds.css?body=1" for 127.0.0.1 at 2012-10-02 20:50:58 +0200
Served asset /scaffolds.css - 304 Not Modified (0ms)


Started GET "/assets/jquery.js?body=1" for 127.0.0.1 at 2012-10-02 20:50:58 +0200
Served asset /jquery.js - 304 Not Modified (1ms)


Started GET "/assets/jquery_ujs.js?body=1" for 127.0.0.1 at 2012-10-02 20:50:58 +0200
Served asset /jquery_ujs.js - 304 Not Modified (0ms)


Started GET "/assets/bootstrap-transition.js?body=1" for 127.0.0.1 at 2012-10-02 20:50:58 +0200
Served asset /bootstrap-transition.js - 304 Not Modified (0ms)


Started GET "/assets/bootstrap-alert.js?body=1" for 127.0.0.1 at 2012-10-02 20:50:58 +0200
Served asset /bootstrap-alert.js - 304 Not Modified (0ms)


Started GET "/assets/bootstrap-button.js?body=1" for 127.0.0.1 at 2012-10-02 20:50:58 +0200
Served asset /bootstrap-button.js - 304 Not Modified (0ms)


Started GET "/assets/bootstrap-carousel.js?body=1" for 127.0.0.1 at 2012-10-02 20:50:58 +0200
Served asset /bootstrap-carousel.js - 304 Not Modified (0ms)


Started GET "/assets/bootstrap-collapse.js?body=1" for 127.0.0.1 at 2012-10-02 20:50:58 +0200
Served asset /bootstrap-collapse.js - 304 Not Modified (0ms)


Started GET "/assets/bootstrap-dropdown.js?body=1" for 127.0.0.1 at 2012-10-02 20:50:58 +0200
Served asset /bootstrap-dropdown.js - 304 Not Modified (0ms)


Started GET "/assets/bootstrap-modal.js?body=1" for 127.0.0.1 at 2012-10-02 20:50:58 +0200
Served asset /bootstrap-modal.js - 304 Not Modified (0ms)


Started GET "/assets/bootstrap-tab.js?body=1" for 127.0.0.1 at 2012-10-02 20:50:58 +0200
Served asset /bootstrap-tab.js - 304 Not Modified (0ms)


Started GET "/assets/bootstrap-tooltip.js?body=1" for 127.0.0.1 at 2012-10-02 20:50:58 +0200
Served asset /bootstrap-tooltip.js - 304 Not Modified (0ms)


Started GET "/assets/bootstrap-popover.js?body=1" for 127.0.0.1 at 2012-10-02 20:50:58 +0200
Served asset /bootstrap-popover.js - 304 Not Modified (0ms)


Started GET "/assets/bootstrap-scrollspy.js?body=1" for 127.0.0.1 at 2012-10-02 20:50:58 +0200
Served asset /bootstrap-scrollspy.js - 304 Not Modified (0ms)


Started GET "/assets/bootstrap-typeahead.js?body=1" for 127.0.0.1 at 2012-10-02 20:50:58 +0200
Served asset /bootstrap-typeahead.js - 304 Not Modified (0ms)


Started GET "/assets/bootstrap.js?body=1" for 127.0.0.1 at 2012-10-02 20:50:58 +0200
Served asset /bootstrap.js - 304 Not Modified (2ms)


Started GET "/assets/application.js?body=1" for 127.0.0.1 at 2012-10-02 20:50:58 +0200
Served asset /application.js - 304 Not Modified (185ms)


Started GET "/assets/documents.js?body=1" for 127.0.0.1 at 2012-10-02 20:50:58 +0200
Served asset /documents.js - 304 Not Modified (0ms)


Started GET "/documents" for 127.0.0.1 at 2012-10-02 20:51:05 +0200
Processing by DocumentsController#index as HTML
  [1m[35mDocument Load (0.3ms)[0m  SELECT "documents".* FROM "documents" 
  Rendered documents/index.html.erb within layouts/application (0.6ms)
Completed 200 OK in 85ms (Views: 74.0ms | ActiveRecord: 0.3ms)


Started GET "/assets/application.css?body=1" for 127.0.0.1 at 2012-10-02 20:51:05 +0200
Served asset /application.css - 304 Not Modified (35ms)


Started GET "/assets/jquery_ujs.js?body=1" for 127.0.0.1 at 2012-10-02 20:51:05 +0200
Served asset /jquery_ujs.js - 304 Not Modified (0ms)


Started GET "/assets/jquery.js?body=1" for 127.0.0.1 at 2012-10-02 20:51:05 +0200
Served asset /jquery.js - 304 Not Modified (1ms)


Started GET "/assets/scaffolds.css?body=1" for 127.0.0.1 at 2012-10-02 20:51:05 +0200
Served asset /scaffolds.css - 304 Not Modified (0ms)


Started GET "/assets/documents.css?body=1" for 127.0.0.1 at 2012-10-02 20:51:05 +0200
Served asset /documents.css - 304 Not Modified (0ms)


Started GET "/assets/custom.css?body=1" for 127.0.0.1 at 2012-10-02 20:51:05 +0200
Served asset /custom.css - 304 Not Modified (35ms)


Started GET "/assets/bootstrap-transition.js?body=1" for 127.0.0.1 at 2012-10-02 20:51:05 +0200
Served asset /bootstrap-transition.js - 304 Not Modified (0ms)


Started GET "/assets/bootstrap-button.js?body=1" for 127.0.0.1 at 2012-10-02 20:51:05 +0200
Served asset /bootstrap-button.js - 304 Not Modified (7ms)


Started GET "/assets/bootstrap-alert.js?body=1" for 127.0.0.1 at 2012-10-02 20:51:05 +0200
Served asset /bootstrap-alert.js - 304 Not Modified (0ms)


Started GET "/assets/bootstrap-collapse.js?body=1" for 127.0.0.1 at 2012-10-02 20:51:05 +0200
Served asset /bootstrap-collapse.js - 304 Not Modified (0ms)


Started GET "/assets/bootstrap-carousel.js?body=1" for 127.0.0.1 at 2012-10-02 20:51:05 +0200
Served asset /bootstrap-carousel.js - 304 Not Modified (0ms)


Started GET "/assets/bootstrap-modal.js?body=1" for 127.0.0.1 at 2012-10-02 20:51:05 +0200
Served asset /bootstrap-modal.js - 304 Not Modified (0ms)


Started GET "/assets/bootstrap-tab.js?body=1" for 127.0.0.1 at 2012-10-02 20:51:05 +0200
Served asset /bootstrap-tab.js - 304 Not Modified (0ms)


Started GET "/assets/bootstrap-dropdown.js?body=1" for 127.0.0.1 at 2012-10-02 20:51:05 +0200
Served asset /bootstrap-dropdown.js - 304 Not Modified (0ms)


Started GET "/assets/bootstrap-scrollspy.js?body=1" for 127.0.0.1 at 2012-10-02 20:51:05 +0200
Served asset /bootstrap-scrollspy.js - 304 Not Modified (0ms)


Started GET "/assets/bootstrap-tooltip.js?body=1" for 127.0.0.1 at 2012-10-02 20:51:05 +0200
Served asset /bootstrap-tooltip.js - 304 Not Modified (0ms)


Started GET "/assets/bootstrap-popover.js?body=1" for 127.0.0.1 at 2012-10-02 20:51:05 +0200
Served asset /bootstrap-popover.js - 304 Not Modified (0ms)


Started GET "/assets/bootstrap.js?body=1" for 127.0.0.1 at 2012-10-02 20:51:05 +0200
Served asset /bootstrap.js - 304 Not Modified (4ms)


Started GET "/assets/bootstrap-typeahead.js?body=1" for 127.0.0.1 at 2012-10-02 20:51:05 +0200
Served asset /bootstrap-typeahead.js - 304 Not Modified (0ms)


Started GET "/assets/documents.js?body=1" for 127.0.0.1 at 2012-10-02 20:51:05 +0200
Served asset /documents.js - 304 Not Modified (0ms)


Started GET "/assets/application.js?body=1" for 127.0.0.1 at 2012-10-02 20:51:05 +0200
Served asset /application.js - 304 Not Modified (185ms)
Connecting to database specified by database.yml
  [1m[36m (0.1ms)[0m  [1mSELECT "schema_migrations"."version" FROM "schema_migrations" [0m
  [1m[35m (0.1ms)[0m  SELECT "schema_migrations"."version" FROM "schema_migrations" 
Migrating to CreateDocuments (20121002183604)
  [1m[36m (0.1ms)[0m  [1mselect sqlite_version(*)[0m
  [1m[35m (0.1ms)[0m  begin transaction
  [1m[36m (33.0ms)[0m  [1mDROP TABLE "documents"[0m
  [1m[35m (0.2ms)[0m  DELETE FROM "schema_migrations" WHERE "schema_migrations"."version" = '20121002183604'
  [1m[36m (165.8ms)[0m  [1mcommit transaction[0m
  [1m[35m (0.5ms)[0m  select sqlite_version(*)
  [1m[36m (0.1ms)[0m  [1mSELECT "schema_migrations"."version" FROM "schema_migrations" [0m
  [1m[35m (0.1ms)[0m  PRAGMA index_list("admins")
  [1m[36m (0.2ms)[0m  [1mPRAGMA index_info('index_admins_on_email')[0m
  [1m[35m (0.0ms)[0m  PRAGMA index_list("clients")
  [1m[36m (0.1ms)[0m  [1mPRAGMA index_list("operations")[0m
Connecting to database specified by database.yml
Connecting to database specified by database.yml


Started GET "/assets/rails.png" for 127.0.0.1 at 2012-10-02 22:02:03 +0200
Connecting to database specified by database.yml
Served asset /rails.png - 200 OK (80ms)


Started GET "/signup" for 127.0.0.1 at 2012-10-02 22:02:11 +0200
Processing by AdminsController#new as HTML
  Rendered admins/new.html.erb within layouts/application (8.7ms)
Compiled custom.css  (3084ms)  (pid 3780)
Compiled admins.css  (6ms)  (pid 3780)
Compiled application.css  (67ms)  (pid 3780)
Compiled admins.js  (1843ms)  (pid 3780)
Compiled application.js  (1884ms)  (pid 3780)
  Rendered layouts/_shim.html.erb (0.6ms)
  Rendered layouts/_header.html.erb (1.2ms)
  Rendered layouts/_footer.html.erb (0.4ms)
Completed 200 OK in 5968ms (Views: 5967.5ms | ActiveRecord: 0.0ms)


Started GET "/assets/application.css?body=1" for 127.0.0.1 at 2012-10-02 22:02:17 +0200
Served asset /application.css - 304 Not Modified (198ms)


Started GET "/assets/admins.css?body=1" for 127.0.0.1 at 2012-10-02 22:02:18 +0200
Served asset /admins.css - 200 OK (11ms)


Started GET "/assets/custom.css?body=1" for 127.0.0.1 at 2012-10-02 22:02:18 +0200
Served asset /custom.css - 200 OK (36ms)


Started GET "/assets/scaffolds.css?body=1" for 127.0.0.1 at 2012-10-02 22:02:18 +0200
Served asset /scaffolds.css - 304 Not Modified (2ms)


Started GET "/assets/jquery.js?body=1" for 127.0.0.1 at 2012-10-02 22:02:18 +0200
Served asset /jquery.js - 304 Not Modified (25ms)


Started GET "/assets/jquery_ujs.js?body=1" for 127.0.0.1 at 2012-10-02 22:02:18 +0200
Served asset /jquery_ujs.js - 304 Not Modified (12ms)


Started GET "/assets/bootstrap-transition.js?body=1" for 127.0.0.1 at 2012-10-02 22:02:18 +0200
Served asset /bootstrap-transition.js - 304 Not Modified (15ms)


Started GET "/assets/bootstrap-alert.js?body=1" for 127.0.0.1 at 2012-10-02 22:02:18 +0200
Served asset /bootstrap-alert.js - 304 Not Modified (10ms)


Started GET "/assets/bootstrap-button.js?body=1" for 127.0.0.1 at 2012-10-02 22:02:18 +0200
Served asset /bootstrap-button.js - 304 Not Modified (21ms)


Started GET "/assets/bootstrap-carousel.js?body=1" for 127.0.0.1 at 2012-10-02 22:02:18 +0200
Served asset /bootstrap-carousel.js - 304 Not Modified (21ms)


Started GET "/assets/bootstrap-collapse.js?body=1" for 127.0.0.1 at 2012-10-02 22:02:18 +0200
Served asset /bootstrap-collapse.js - 304 Not Modified (18ms)


Started GET "/assets/bootstrap-dropdown.js?body=1" for 127.0.0.1 at 2012-10-02 22:02:18 +0200
Served asset /bootstrap-dropdown.js - 304 Not Modified (18ms)


Started GET "/assets/bootstrap-modal.js?body=1" for 127.0.0.1 at 2012-10-02 22:02:18 +0200
Served asset /bootstrap-modal.js - 304 Not Modified (11ms)


Started GET "/assets/bootstrap-scrollspy.js?body=1" for 127.0.0.1 at 2012-10-02 22:02:18 +0200
Served asset /bootstrap-scrollspy.js - 304 Not Modified (3ms)


Started GET "/assets/bootstrap-tab.js?body=1" for 127.0.0.1 at 2012-10-02 22:02:18 +0200
Served asset /bootstrap-tab.js - 304 Not Modified (13ms)


Started GET "/assets/bootstrap-tooltip.js?body=1" for 127.0.0.1 at 2012-10-02 22:02:18 +0200
Served asset /bootstrap-tooltip.js - 304 Not Modified (15ms)


Started GET "/assets/bootstrap-popover.js?body=1" for 127.0.0.1 at 2012-10-02 22:02:18 +0200
Served asset /bootstrap-popover.js - 304 Not Modified (175ms)


Started GET "/assets/bootstrap-typeahead.js?body=1" for 127.0.0.1 at 2012-10-02 22:02:18 +0200
Served asset /bootstrap-typeahead.js - 304 Not Modified (14ms)


Started GET "/assets/bootstrap.js?body=1" for 127.0.0.1 at 2012-10-02 22:02:18 +0200
Served asset /bootstrap.js - 304 Not Modified (79ms)


Started GET "/assets/admins.js?body=1" for 127.0.0.1 at 2012-10-02 22:02:18 +0200
Served asset /admins.js - 200 OK (2ms)


Started GET "/assets/application.js?body=1" for 127.0.0.1 at 2012-10-02 22:02:18 +0200
Served asset /application.js - 304 Not Modified (96ms)
